<?xml version="1.0" encoding="UTF-8"?>
<testng-results skipped="0" failed="0" total="1" passed="1">
  <reporter-output>
    <line>
      <![CDATA[user is already on Login Page]]>
    </line>
    <line>
      <![CDATA[User name entered]]>
    </line>
    <line>
      <![CDATA[title verified]]>
    </line>
    <line>
      <![CDATA[Close  browser method execued]]>
    </line>
    <line>
      <![CDATA[user is already on Login Page]]>
    </line>
    <line>
      <![CDATA[User name entered]]>
    </line>
    <line>
      <![CDATA[title verified]]>
    </line>
    <line>
      <![CDATA[Close  browser method execued]]>
    </line>
    <line>
      <![CDATA[user is already on Login Page]]>
    </line>
    <line>
      <![CDATA[User name entered]]>
    </line>
    <line>
      <![CDATA[title verified]]>
    </line>
    <line>
      <![CDATA[Close  browser method execued]]>
    </line>
  </reporter-output>
  <suite name="Cucumber" duration-ms="74482" started-at="2020-02-17T12:31:22Z" finished-at="2020-02-17T12:32:36Z">
    <groups>
      <group name="cuucmber">
        <method signature="Runner.feature(cucumber.api.testng.CucumberFeatureWrapper)[pri:0, instance:com.testRunner.Runner@62452cc9]" name="feature" class="com.testRunner.Runner"/>
      </group> <!-- cuucmber -->
    </groups>
    <test name="Microwave" duration-ms="74482" started-at="2020-02-17T12:31:22Z" finished-at="2020-02-17T12:32:36Z">
      <class name="com.testRunner.Runner">
        <test-method status="PASS" signature="setUPclass()[pri:0, instance:com.testRunner.Runner@62452cc9]" name="setUPclass" is-config="true" duration-ms="528" started-at="2020-02-17T18:01:22Z" finished-at="2020-02-17T18:01:22Z">
          <reporter-output>
          </reporter-output>
        </test-method> <!-- setUPclass -->
        <test-method status="PASS" signature="feature(cucumber.api.testng.CucumberFeatureWrapper)[pri:0, instance:com.testRunner.Runner@62452cc9]" name="feature" duration-ms="73531" started-at="2020-02-17T18:01:22Z" description="Runs Cucumber Feature" data-provider="features" finished-at="2020-02-17T18:02:36Z">
          <params>
            <param index="0">
              <value>
                <![CDATA[Checking Login with Data driven appraoch]]>
              </value>
            </param>
          </params>
          <reporter-output>
            <line>
              <![CDATA[user is already on Login Page]]>
            </line>
            <line>
              <![CDATA[User name entered]]>
            </line>
            <line>
              <![CDATA[title verified]]>
            </line>
            <line>
              <![CDATA[Close  browser method execued]]>
            </line>
            <line>
              <![CDATA[user is already on Login Page]]>
            </line>
            <line>
              <![CDATA[User name entered]]>
            </line>
            <line>
              <![CDATA[title verified]]>
            </line>
            <line>
              <![CDATA[Close  browser method execued]]>
            </line>
            <line>
              <![CDATA[user is already on Login Page]]>
            </line>
            <line>
              <![CDATA[User name entered]]>
            </line>
            <line>
              <![CDATA[title verified]]>
            </line>
            <line>
              <![CDATA[Close  browser method execued]]>
            </line>
          </reporter-output>
        </test-method> <!-- feature -->
        <test-method status="PASS" signature="tearDownClss()[pri:0, instance:com.testRunner.Runner@62452cc9]" name="tearDownClss" is-config="true" duration-ms="72" started-at="2020-02-17T18:02:36Z" finished-at="2020-02-17T18:02:36Z">
          <reporter-output>
          </reporter-output>
        </test-method> <!-- tearDownClss -->
      </class> <!-- com.testRunner.Runner -->
    </test> <!-- Microwave -->
  </suite> <!-- Cucumber -->
</testng-results>
