<?xml version="1.0" encoding="UTF-8"?>
<testng-results skipped="0" failed="0" ignored="0" total="1" passed="1">
  <reporter-output>
  </reporter-output>
  <suite name="Default suite" duration-ms="5830" started-at="2020-02-04T04:52:24Z" finished-at="2020-02-04T04:52:30Z">
    <groups>
    </groups>
    <test name="Default test" duration-ms="5830" started-at="2020-02-04T04:52:24Z" finished-at="2020-02-04T04:52:30Z">
      <class name="MonatTest">
        <test-method status="PASS" signature="login()[pri:0, instance:MonatTest@47605f2f]" name="login" duration-ms="5641" started-at="2020-02-04T04:52:24Z" finished-at="2020-02-04T04:52:30Z">
          <reporter-output>
          </reporter-output>
        </test-method> <!-- login -->
      </class> <!-- MonatTest -->
    </test> <!-- Default test -->
  </suite> <!-- Default suite -->
</testng-results>
